<?xml version="1.0" encoding="UTF-8"?>
<testng-results skipped="0" failed="0" ignored="0" total="1" passed="1">
  <reporter-output>
  </reporter-output>
  <suite name="Suite" duration-ms="10715" started-at="2022-08-30T12:51:04Z" finished-at="2022-08-30T12:51:15Z">
    <groups>
    </groups>
    <test name="Test" duration-ms="10715" started-at="2022-08-30T12:51:04Z" finished-at="2022-08-30T12:51:15Z">
      <class name="basics.t1">
        <test-method status="PASS" signature="f()[pri:0, instance:basics.t1@2abf4075]" name="f" duration-ms="10579" started-at="2022-08-30T12:51:04Z" finished-at="2022-08-30T12:51:15Z">
          <reporter-output>
          </reporter-output>
        </test-method> <!-- f -->
      </class> <!-- basics.t1 -->
    </test> <!-- Test -->
  </suite> <!-- Suite -->
</testng-results>
